0 info it worked if it ends with ok
1 verbose cli [ '/usr/local/bin/node',
1 verbose cli   '/usr/local/bin/npm',
1 verbose cli   'run',
1 verbose cli   'build:watch' ]
2 info using npm@3.3.12
3 info using node@v5.5.0
4 verbose run-script [ 'prebuild:watch', 'build:watch', 'postbuild:watch' ]
5 info lifecycle prj-maps@1.0.0~prebuild:watch: prj-maps@1.0.0
6 silly lifecycle prj-maps@1.0.0~prebuild:watch: no script for prebuild:watch, continuing
7 info lifecycle prj-maps@1.0.0~build:watch: prj-maps@1.0.0
8 verbose lifecycle prj-maps@1.0.0~build:watch: unsafe-perm in lifecycle true
9 verbose lifecycle prj-maps@1.0.0~build:watch: PATH: /usr/local/lib/node_modules/npm/bin/node-gyp-bin:/home/iryna/public_html/prjMaps/node_modules/.bin:/usr/local/sbin:/usr/local/bin:/usr/sbin:/usr/bin:/sbin:/bin:/usr/games:/usr/local/games
10 verbose lifecycle prj-maps@1.0.0~build:watch: CWD: /home/iryna/public_html/prjMaps
11 silly lifecycle prj-maps@1.0.0~build:watch: Args: [ '-c',
11 silly lifecycle   'beefy index.html & onchange \'dataLoader.js\' \'mapBase.js\' -- npm run build' ]
12 info lifecycle prj-maps@1.0.0~build:watch: Failed to exec build:watch script
13 verbose stack Error: prj-maps@1.0.0 build:watch: `beefy index.html & onchange 'dataLoader.js' 'mapBase.js' -- npm run build`
13 verbose stack spawn ENOENT
13 verbose stack     at ChildProcess.<anonymous> (/usr/local/lib/node_modules/npm/lib/utils/spawn.js:17:16)
13 verbose stack     at emitTwo (events.js:100:13)
13 verbose stack     at ChildProcess.emit (events.js:185:7)
13 verbose stack     at maybeClose (internal/child_process.js:821:16)
13 verbose stack     at Process.ChildProcess._handle.onexit (internal/child_process.js:211:5)
14 verbose pkgid prj-maps@1.0.0
15 verbose cwd /home/iryna/public_html/prjMaps
16 error Linux 3.16.0-30-generic
17 error argv "/usr/local/bin/node" "/usr/local/bin/npm" "run" "build:watch"
18 error node v5.5.0
19 error npm  v3.3.12
20 error file sh
21 error code ELIFECYCLE
22 error errno ENOENT
23 error syscall spawn
24 error prj-maps@1.0.0 build:watch: `beefy index.html & onchange 'dataLoader.js' 'mapBase.js' -- npm run build`
24 error spawn ENOENT
25 error Failed at the prj-maps@1.0.0 build:watch script 'beefy index.html & onchange 'dataLoader.js' 'mapBase.js' -- npm run build'.
25 error Make sure you have the latest version of node.js and npm installed.
25 error If you do, this is most likely a problem with the prj-maps package,
25 error not with npm itself.
25 error Tell the author that this fails on your system:
25 error     beefy index.html & onchange 'dataLoader.js' 'mapBase.js' -- npm run build
25 error You can get their info via:
25 error     npm owner ls prj-maps
25 error There is likely additional logging output above.
26 verbose exit [ 1, true ]
